{"C:\\Users\\ernes\\OneDrive\\Documents\\Godot Game Projects\\temp\\Assistant-AI\\client\\src\\Data Structures\\TaskPriorityQueue.js": {"path":"C:\\Users\\ernes\\OneDrive\\Documents\\Godot Game Projects\\temp\\Assistant-AI\\client\\src\\Data Structures\\TaskPriorityQueue.js","statementMap":{"0":{"start":{"line":4,"column":8},"end":{"line":4,"column":23}},"1":{"start":{"line":5,"column":8},"end":{"line":9,"column":9}},"2":{"start":{"line":13,"column":8},"end":{"line":13,"column":37}},"3":{"start":{"line":17,"column":8},"end":{"line":17,"column":32}},"4":{"start":{"line":21,"column":21},"end":{"line":21,"column":26}},"5":{"start":{"line":22,"column":30},"end":{"line":22,"column":56}},"6":{"start":{"line":24,"column":8},"end":{"line":31,"column":9}},"7":{"start":{"line":24,"column":21},"end":{"line":24,"column":22}},"8":{"start":{"line":25,"column":38},"end":{"line":25,"column":78}},"9":{"start":{"line":26,"column":12},"end":{"line":30,"column":13}},"10":{"start":{"line":27,"column":16},"end":{"line":27,"column":98}},"11":{"start":{"line":28,"column":16},"end":{"line":28,"column":29}},"12":{"start":{"line":29,"column":16},"end":{"line":29,"column":21}},"13":{"start":{"line":32,"column":8},"end":{"line":34,"column":9}},"14":{"start":{"line":33,"column":12},"end":{"line":33,"column":45}},"15":{"start":{"line":38,"column":25},"end":{"line":38,"column":43}},"16":{"start":{"line":39,"column":8},"end":{"line":39,"column":39}}},"fnMap":{"0":{"name":"(anonymous_0)","decl":{"start":{"line":3,"column":4},"end":{"line":3,"column":5}},"loc":{"start":{"line":3,"column":18},"end":{"line":10,"column":5}},"line":3},"1":{"name":"(anonymous_1)","decl":{"start":{"line":12,"column":4},"end":{"line":12,"column":5}},"loc":{"start":{"line":12,"column":14},"end":{"line":14,"column":5}},"line":12},"2":{"name":"(anonymous_2)","decl":{"start":{"line":16,"column":4},"end":{"line":16,"column":5}},"loc":{"start":{"line":16,"column":11},"end":{"line":18,"column":5}},"line":16},"3":{"name":"(anonymous_3)","decl":{"start":{"line":20,"column":4},"end":{"line":20,"column":5}},"loc":{"start":{"line":20,"column":29},"end":{"line":35,"column":5}},"line":20},"4":{"name":"(anonymous_4)","decl":{"start":{"line":37,"column":4},"end":{"line":37,"column":5}},"loc":{"start":{"line":37,"column":13},"end":{"line":40,"column":5}},"line":37}},"branchMap":{"0":{"loc":{"start":{"line":26,"column":12},"end":{"line":30,"column":13}},"type":"if","locations":[{"start":{"line":26,"column":12},"end":{"line":30,"column":13}},{"start":{},"end":{}}],"line":26},"1":{"loc":{"start":{"line":32,"column":8},"end":{"line":34,"column":9}},"type":"if","locations":[{"start":{"line":32,"column":8},"end":{"line":34,"column":9}},{"start":{},"end":{}}],"line":32},"2":{"loc":{"start":{"line":39,"column":15},"end":{"line":39,"column":39}},"type":"cond-expr","locations":[{"start":{"line":39,"column":26},"end":{"line":39,"column":34}},{"start":{"line":39,"column":37},"end":{"line":39,"column":39}}],"line":39}},"s":{"0":1,"1":1,"2":0,"3":1,"4":4,"5":4,"6":4,"7":4,"8":5,"9":5,"10":2,"11":2,"12":2,"13":4,"14":2,"15":1,"16":1},"f":{"0":1,"1":0,"2":1,"3":4,"4":1},"b":{"0":[2,3],"1":[2,2],"2":[1,0]},"_coverageSchema":"1a1c01bbd47fc00a2c39e90264f33305004495a9","hash":"b75603a7408ffe3d0fded32c2edfa1e3a521990d"}
,"C:\\Users\\ernes\\OneDrive\\Documents\\Godot Game Projects\\temp\\Assistant-AI\\client\\src\\components\\TasksBox\\Tasks.jsx": {"path":"C:\\Users\\ernes\\OneDrive\\Documents\\Godot Game Projects\\temp\\Assistant-AI\\client\\src\\components\\TasksBox\\Tasks.jsx","statementMap":{"0":{"start":{"line":6,"column":24},"end":{"line":11,"column":1}},"1":{"start":{"line":7,"column":20},"end":{"line":7,"column":34}},"2":{"start":{"line":8,"column":21},"end":{"line":8,"column":36}},"3":{"start":{"line":9,"column":23},"end":{"line":9,"column":37}},"4":{"start":{"line":10,"column":4},"end":{"line":10,"column":49}},"5":{"start":{"line":13,"column":39},"end":{"line":20,"column":1}},"6":{"start":{"line":14,"column":24},"end":{"line":18,"column":5}},"7":{"start":{"line":19,"column":4},"end":{"line":19,"column":55}},"8":{"start":{"line":23,"column":14},"end":{"line":149,"column":1}},"9":{"start":{"line":24,"column":49},"end":{"line":24,"column":66}},"10":{"start":{"line":25,"column":36},"end":{"line":25,"column":44}},"11":{"start":{"line":26,"column":30},"end":{"line":26,"column":39}},"12":{"start":{"line":28,"column":36},"end":{"line":28,"column":51}},"13":{"start":{"line":29,"column":40},"end":{"line":29,"column":55}},"14":{"start":{"line":30,"column":56},"end":{"line":30,"column":67}},"15":{"start":{"line":32,"column":19},"end":{"line":32,"column":34}},"16":{"start":{"line":35,"column":4},"end":{"line":42,"column":18}},"17":{"start":{"line":36,"column":8},"end":{"line":41,"column":9}},"18":{"start":{"line":37,"column":12},"end":{"line":37,"column":58}},"19":{"start":{"line":39,"column":34},"end":{"line":39,"column":74}},"20":{"start":{"line":39,"column":59},"end":{"line":39,"column":73}},"21":{"start":{"line":40,"column":12},"end":{"line":40,"column":41}},"22":{"start":{"line":47,"column":21},"end":{"line":47,"column":33}},"23":{"start":{"line":48,"column":25},"end":{"line":48,"column":38}},"24":{"start":{"line":49,"column":29},"end":{"line":49,"column":52}},"25":{"start":{"line":51,"column":25},"end":{"line":51,"column":35}},"26":{"start":{"line":52,"column":25},"end":{"line":52,"column":43}},"27":{"start":{"line":53,"column":29},"end":{"line":53,"column":51}},"28":{"start":{"line":54,"column":27},"end":{"line":54,"column":50}},"29":{"start":{"line":55,"column":34},"end":{"line":55,"column":61}},"30":{"start":{"line":56,"column":31},"end":{"line":56,"column":83}},"31":{"start":{"line":58,"column":8},"end":{"line":58,"column":94}},"32":{"start":{"line":64,"column":23},"end":{"line":64,"column":44}},"33":{"start":{"line":65,"column":8},"end":{"line":65,"column":37}},"34":{"start":{"line":66,"column":27},"end":{"line":72,"column":9}},"35":{"start":{"line":73,"column":8},"end":{"line":81,"column":72}},"36":{"start":{"line":75,"column":12},"end":{"line":79,"column":13}},"37":{"start":{"line":76,"column":16},"end":{"line":76,"column":46}},"38":{"start":{"line":77,"column":16},"end":{"line":77,"column":35}},"39":{"start":{"line":78,"column":16},"end":{"line":78,"column":22}},"40":{"start":{"line":81,"column":22},"end":{"line":81,"column":71}},"41":{"start":{"line":86,"column":27},"end":{"line":92,"column":9}},"42":{"start":{"line":93,"column":8},"end":{"line":101,"column":74}},"43":{"start":{"line":95,"column":12},"end":{"line":99,"column":13}},"44":{"start":{"line":96,"column":16},"end":{"line":96,"column":48}},"45":{"start":{"line":97,"column":16},"end":{"line":97,"column":36}},"46":{"start":{"line":98,"column":16},"end":{"line":98,"column":22}},"47":{"start":{"line":101,"column":22},"end":{"line":101,"column":73}},"48":{"start":{"line":107,"column":8},"end":{"line":107,"column":72}},"49":{"start":{"line":110,"column":27},"end":{"line":116,"column":9}},"50":{"start":{"line":117,"column":8},"end":{"line":124,"column":65}},"51":{"start":{"line":119,"column":12},"end":{"line":122,"column":13}},"52":{"start":{"line":120,"column":16},"end":{"line":120,"column":57}},"53":{"start":{"line":121,"column":16},"end":{"line":121,"column":22}},"54":{"start":{"line":124,"column":22},"end":{"line":124,"column":64}},"55":{"start":{"line":127,"column":4},"end":{"line":148,"column":6}},"56":{"start":{"line":135,"column":52},"end":{"line":135,"column":64}},"57":{"start":{"line":139,"column":52},"end":{"line":139,"column":66}},"58":{"start":{"line":143,"column":44},"end":{"line":143,"column":59}},"59":{"start":{"line":145,"column":72},"end":{"line":145,"column":94}}},"fnMap":{"0":{"name":"(anonymous_0)","decl":{"start":{"line":6,"column":24},"end":{"line":6,"column":25}},"loc":{"start":{"line":6,"column":33},"end":{"line":11,"column":1}},"line":6},"1":{"name":"(anonymous_1)","decl":{"start":{"line":13,"column":39},"end":{"line":13,"column":40}},"loc":{"start":{"line":13,"column":60},"end":{"line":20,"column":1}},"line":13},"2":{"name":"(anonymous_2)","decl":{"start":{"line":23,"column":14},"end":{"line":23,"column":15}},"loc":{"start":{"line":23,"column":80},"end":{"line":149,"column":1}},"line":23},"3":{"name":"(anonymous_3)","decl":{"start":{"line":35,"column":14},"end":{"line":35,"column":15}},"loc":{"start":{"line":35,"column":20},"end":{"line":42,"column":5}},"line":35},"4":{"name":"(anonymous_4)","decl":{"start":{"line":39,"column":54},"end":{"line":39,"column":55}},"loc":{"start":{"line":39,"column":59},"end":{"line":39,"column":73}},"line":39},"5":{"name":"calculateTaskPoints","decl":{"start":{"line":46,"column":13},"end":{"line":46,"column":32}},"loc":{"start":{"line":46,"column":35},"end":{"line":59,"column":5}},"line":46},"6":{"name":"onComplete","decl":{"start":{"line":62,"column":13},"end":{"line":62,"column":23}},"loc":{"start":{"line":62,"column":26},"end":{"line":82,"column":5}},"line":62},"7":{"name":"(anonymous_7)","decl":{"start":{"line":74,"column":14},"end":{"line":74,"column":15}},"loc":{"start":{"line":74,"column":21},"end":{"line":80,"column":9}},"line":74},"8":{"name":"(anonymous_8)","decl":{"start":{"line":81,"column":15},"end":{"line":81,"column":16}},"loc":{"start":{"line":81,"column":22},"end":{"line":81,"column":71}},"line":81},"9":{"name":"onInComplete","decl":{"start":{"line":85,"column":13},"end":{"line":85,"column":25}},"loc":{"start":{"line":85,"column":28},"end":{"line":103,"column":5}},"line":85},"10":{"name":"(anonymous_10)","decl":{"start":{"line":94,"column":14},"end":{"line":94,"column":15}},"loc":{"start":{"line":94,"column":21},"end":{"line":100,"column":9}},"line":94},"11":{"name":"(anonymous_11)","decl":{"start":{"line":101,"column":15},"end":{"line":101,"column":16}},"loc":{"start":{"line":101,"column":22},"end":{"line":101,"column":73}},"line":101},"12":{"name":"onDelete","decl":{"start":{"line":106,"column":13},"end":{"line":106,"column":21}},"loc":{"start":{"line":106,"column":29},"end":{"line":125,"column":5}},"line":106},"13":{"name":"(anonymous_13)","decl":{"start":{"line":118,"column":14},"end":{"line":118,"column":15}},"loc":{"start":{"line":118,"column":21},"end":{"line":123,"column":9}},"line":118},"14":{"name":"(anonymous_14)","decl":{"start":{"line":124,"column":15},"end":{"line":124,"column":16}},"loc":{"start":{"line":124,"column":22},"end":{"line":124,"column":64}},"line":124},"15":{"name":"(anonymous_15)","decl":{"start":{"line":135,"column":45},"end":{"line":135,"column":46}},"loc":{"start":{"line":135,"column":51},"end":{"line":135,"column":65}},"line":135},"16":{"name":"(anonymous_16)","decl":{"start":{"line":139,"column":45},"end":{"line":139,"column":46}},"loc":{"start":{"line":139,"column":51},"end":{"line":139,"column":67}},"line":139},"17":{"name":"(anonymous_17)","decl":{"start":{"line":143,"column":37},"end":{"line":143,"column":38}},"loc":{"start":{"line":143,"column":43},"end":{"line":143,"column":60}},"line":143},"18":{"name":"(anonymous_18)","decl":{"start":{"line":145,"column":66},"end":{"line":145,"column":67}},"loc":{"start":{"line":145,"column":72},"end":{"line":145,"column":94}},"line":145}},"branchMap":{"0":{"loc":{"start":{"line":10,"column":11},"end":{"line":10,"column":49}},"type":"cond-expr","locations":[{"start":{"line":10,"column":31},"end":{"line":10,"column":38}},{"start":{"line":10,"column":41},"end":{"line":10,"column":49}}],"line":10},"1":{"loc":{"start":{"line":36,"column":8},"end":{"line":41,"column":9}},"type":"if","locations":[{"start":{"line":36,"column":8},"end":{"line":41,"column":9}},{"start":{"line":38,"column":15},"end":{"line":41,"column":9}}],"line":36},"2":{"loc":{"start":{"line":58,"column":15},"end":{"line":58,"column":94}},"type":"cond-expr","locations":[{"start":{"line":58,"column":39},"end":{"line":58,"column":40}},{"start":{"line":58,"column":43},"end":{"line":58,"column":94}}],"line":58},"3":{"loc":{"start":{"line":75,"column":12},"end":{"line":79,"column":13}},"type":"if","locations":[{"start":{"line":75,"column":12},"end":{"line":79,"column":13}},{"start":{},"end":{}}],"line":75},"4":{"loc":{"start":{"line":95,"column":12},"end":{"line":99,"column":13}},"type":"if","locations":[{"start":{"line":95,"column":12},"end":{"line":99,"column":13}},{"start":{},"end":{}}],"line":95},"5":{"loc":{"start":{"line":119,"column":12},"end":{"line":122,"column":13}},"type":"if","locations":[{"start":{"line":119,"column":12},"end":{"line":122,"column":13}},{"start":{},"end":{}}],"line":119},"6":{"loc":{"start":{"line":133,"column":21},"end":{"line":141,"column":25}},"type":"cond-expr","locations":[{"start":{"line":134,"column":24},"end":{"line":136,"column":27}},{"start":{"line":138,"column":24},"end":{"line":140,"column":27}}],"line":133}},"s":{"0":1,"1":0,"2":0,"3":0,"4":0,"5":1,"6":0,"7":0,"8":1,"9":0,"10":0,"11":0,"12":0,"13":0,"14":0,"15":0,"16":0,"17":0,"18":0,"19":0,"20":0,"21":0,"22":0,"23":0,"24":0,"25":0,"26":0,"27":0,"28":0,"29":0,"30":0,"31":0,"32":0,"33":0,"34":0,"35":0,"36":0,"37":0,"38":0,"39":0,"40":0,"41":0,"42":0,"43":0,"44":0,"45":0,"46":0,"47":0,"48":0,"49":0,"50":0,"51":0,"52":0,"53":0,"54":0,"55":0,"56":0,"57":0,"58":0,"59":0},"f":{"0":0,"1":0,"2":0,"3":0,"4":0,"5":0,"6":0,"7":0,"8":0,"9":0,"10":0,"11":0,"12":0,"13":0,"14":0,"15":0,"16":0,"17":0,"18":0},"b":{"0":[0,0],"1":[0,0],"2":[0,0],"3":[0,0],"4":[0,0],"5":[0,0],"6":[0,0]},"_coverageSchema":"1a1c01bbd47fc00a2c39e90264f33305004495a9","hash":"48984c1d52f170809e1f1eee6e1c085189d36c1e"}
,"C:\\Users\\ernes\\OneDrive\\Documents\\Godot Game Projects\\temp\\Assistant-AI\\client\\src\\components\\TokenContext\\TokenContext.jsx": {"path":"C:\\Users\\ernes\\OneDrive\\Documents\\Godot Game Projects\\temp\\Assistant-AI\\client\\src\\components\\TokenContext\\TokenContext.jsx","statementMap":{"0":{"start":{"line":4,"column":21},"end":{"line":4,"column":36}},"1":{"start":{"line":6,"column":29},"end":{"line":40,"column":1}},"2":{"start":{"line":8,"column":30},"end":{"line":8,"column":44}},"3":{"start":{"line":9,"column":36},"end":{"line":9,"column":76}},"4":{"start":{"line":10,"column":30},"end":{"line":10,"column":42}},"5":{"start":{"line":13,"column":4},"end":{"line":16,"column":16}},"6":{"start":{"line":15,"column":8},"end":{"line":15,"column":49}},"7":{"start":{"line":19,"column":4},"end":{"line":22,"column":19}},"8":{"start":{"line":21,"column":8},"end":{"line":21,"column":99}},"9":{"start":{"line":25,"column":4},"end":{"line":28,"column":16}},"10":{"start":{"line":27,"column":8},"end":{"line":27,"column":56}},"11":{"start":{"line":30,"column":4},"end":{"line":39,"column":5}},"12":{"start":{"line":42,"column":31},"end":{"line":42,"column":61}},"13":{"start":{"line":42,"column":37},"end":{"line":42,"column":61}}},"fnMap":{"0":{"name":"(anonymous_0)","decl":{"start":{"line":6,"column":29},"end":{"line":6,"column":30}},"loc":{"start":{"line":6,"column":40},"end":{"line":40,"column":1}},"line":6},"1":{"name":"(anonymous_1)","decl":{"start":{"line":13,"column":14},"end":{"line":13,"column":15}},"loc":{"start":{"line":13,"column":20},"end":{"line":16,"column":5}},"line":13},"2":{"name":"(anonymous_2)","decl":{"start":{"line":19,"column":14},"end":{"line":19,"column":15}},"loc":{"start":{"line":19,"column":20},"end":{"line":22,"column":5}},"line":19},"3":{"name":"(anonymous_3)","decl":{"start":{"line":25,"column":14},"end":{"line":25,"column":15}},"loc":{"start":{"line":25,"column":20},"end":{"line":28,"column":5}},"line":25},"4":{"name":"(anonymous_4)","decl":{"start":{"line":42,"column":31},"end":{"line":42,"column":32}},"loc":{"start":{"line":42,"column":37},"end":{"line":42,"column":61}},"line":42}},"branchMap":{},"s":{"0":1,"1":1,"2":0,"3":0,"4":0,"5":0,"6":0,"7":0,"8":0,"9":0,"10":0,"11":0,"12":1,"13":0},"f":{"0":0,"1":0,"2":0,"3":0,"4":0},"b":{},"_coverageSchema":"1a1c01bbd47fc00a2c39e90264f33305004495a9","hash":"26441db99723514ddac63ba48a785e5b70c2d6de"}
}
