{"C:\\Users\\ernes\\OneDrive\\Documents\\Godot Game Projects\\temp\\Assistant-AI\\client\\src\\components\\NavBar\\NavBar.jsx": {"path":"C:\\Users\\ernes\\OneDrive\\Documents\\Godot Game Projects\\temp\\Assistant-AI\\client\\src\\components\\NavBar\\NavBar.jsx","statementMap":{"0":{"start":{"line":7,"column":15},"end":{"line":36,"column":1}},"1":{"start":{"line":8,"column":47},"end":{"line":8,"column":64}},"2":{"start":{"line":9,"column":30},"end":{"line":9,"column":41}},"3":{"start":{"line":10,"column":36},"end":{"line":10,"column":44}},"4":{"start":{"line":11,"column":30},"end":{"line":11,"column":39}},"5":{"start":{"line":12,"column":21},"end":{"line":12,"column":34}},"6":{"start":{"line":15,"column":19},"end":{"line":17,"column":5}},"7":{"start":{"line":16,"column":8},"end":{"line":16,"column":21}},"8":{"start":{"line":20,"column":22},"end":{"line":22,"column":5}},"9":{"start":{"line":21,"column":8},"end":{"line":21,"column":26}},"10":{"start":{"line":24,"column":4},"end":{"line":35,"column":5}}},"fnMap":{"0":{"name":"(anonymous_0)","decl":{"start":{"line":7,"column":15},"end":{"line":7,"column":16}},"loc":{"start":{"line":7,"column":21},"end":{"line":36,"column":1}},"line":7},"1":{"name":"(anonymous_1)","decl":{"start":{"line":15,"column":19},"end":{"line":15,"column":20}},"loc":{"start":{"line":15,"column":25},"end":{"line":17,"column":5}},"line":15},"2":{"name":"(anonymous_2)","decl":{"start":{"line":20,"column":22},"end":{"line":20,"column":23}},"loc":{"start":{"line":20,"column":28},"end":{"line":22,"column":5}},"line":20}},"branchMap":{"0":{"loc":{"start":{"line":29,"column":34},"end":{"line":29,"column":61}},"type":"cond-expr","locations":[{"start":{"line":29,"column":42},"end":{"line":29,"column":50}},{"start":{"line":29,"column":53},"end":{"line":29,"column":61}}],"line":29},"1":{"loc":{"start":{"line":30,"column":34},"end":{"line":30,"column":64}},"type":"cond-expr","locations":[{"start":{"line":30,"column":42},"end":{"line":30,"column":53}},{"start":{"line":30,"column":56},"end":{"line":30,"column":64}}],"line":30}},"s":{"0":1,"1":0,"2":0,"3":0,"4":0,"5":0,"6":0,"7":0,"8":0,"9":0,"10":0},"f":{"0":0,"1":0,"2":0},"b":{"0":[0,0],"1":[0,0]},"_coverageSchema":"1a1c01bbd47fc00a2c39e90264f33305004495a9","hash":"75b565d38646544b3db23196ca9e094f39af04da"}
,"C:\\Users\\ernes\\OneDrive\\Documents\\Godot Game Projects\\temp\\Assistant-AI\\client\\src\\components\\NavBar\\UserInfo.jsx": {"path":"C:\\Users\\ernes\\OneDrive\\Documents\\Godot Game Projects\\temp\\Assistant-AI\\client\\src\\components\\NavBar\\UserInfo.jsx","statementMap":{"0":{"start":{"line":9,"column":17},"end":{"line":62,"column":1}},"1":{"start":{"line":10,"column":21},"end":{"line":10,"column":34}},"2":{"start":{"line":12,"column":47},"end":{"line":12,"column":64}},"3":{"start":{"line":13,"column":30},"end":{"line":13,"column":41}},"4":{"start":{"line":14,"column":36},"end":{"line":14,"column":44}},"5":{"start":{"line":15,"column":36},"end":{"line":15,"column":48}},"6":{"start":{"line":16,"column":32},"end":{"line":16,"column":43}},"7":{"start":{"line":18,"column":4},"end":{"line":22,"column":19}},"8":{"start":{"line":19,"column":8},"end":{"line":19,"column":29}},"9":{"start":{"line":20,"column":8},"end":{"line":20,"column":39}},"10":{"start":{"line":21,"column":8},"end":{"line":21,"column":35}},"11":{"start":{"line":24,"column":21},"end":{"line":29,"column":5}},"12":{"start":{"line":25,"column":8},"end":{"line":25,"column":20}},"13":{"start":{"line":26,"column":8},"end":{"line":26,"column":40}},"14":{"start":{"line":27,"column":8},"end":{"line":27,"column":26}},"15":{"start":{"line":28,"column":8},"end":{"line":28,"column":26}},"16":{"start":{"line":31,"column":21},"end":{"line":33,"column":5}},"17":{"start":{"line":32,"column":8},"end":{"line":32,"column":27}},"18":{"start":{"line":35,"column":20},"end":{"line":55,"column":5}},"19":{"start":{"line":36,"column":8},"end":{"line":54,"column":9}},"20":{"start":{"line":37,"column":12},"end":{"line":46,"column":13}},"21":{"start":{"line":48,"column":12},"end":{"line":53,"column":13}},"22":{"start":{"line":57,"column":4},"end":{"line":61,"column":5}}},"fnMap":{"0":{"name":"(anonymous_0)","decl":{"start":{"line":9,"column":17},"end":{"line":9,"column":18}},"loc":{"start":{"line":9,"column":23},"end":{"line":62,"column":1}},"line":9},"1":{"name":"(anonymous_1)","decl":{"start":{"line":18,"column":14},"end":{"line":18,"column":15}},"loc":{"start":{"line":18,"column":20},"end":{"line":22,"column":5}},"line":18},"2":{"name":"(anonymous_2)","decl":{"start":{"line":24,"column":21},"end":{"line":24,"column":22}},"loc":{"start":{"line":24,"column":27},"end":{"line":29,"column":5}},"line":24},"3":{"name":"(anonymous_3)","decl":{"start":{"line":31,"column":21},"end":{"line":31,"column":22}},"loc":{"start":{"line":31,"column":27},"end":{"line":33,"column":5}},"line":31},"4":{"name":"(anonymous_4)","decl":{"start":{"line":35,"column":20},"end":{"line":35,"column":21}},"loc":{"start":{"line":35,"column":26},"end":{"line":55,"column":5}},"line":35}},"branchMap":{"0":{"loc":{"start":{"line":36,"column":8},"end":{"line":54,"column":9}},"type":"if","locations":[{"start":{"line":36,"column":8},"end":{"line":54,"column":9}},{"start":{"line":47,"column":15},"end":{"line":54,"column":9}}],"line":36}},"s":{"0":1,"1":0,"2":0,"3":0,"4":0,"5":0,"6":0,"7":0,"8":0,"9":0,"10":0,"11":0,"12":0,"13":0,"14":0,"15":0,"16":0,"17":0,"18":0,"19":0,"20":0,"21":0,"22":0},"f":{"0":0,"1":0,"2":0,"3":0,"4":0},"b":{"0":[0,0]},"_coverageSchema":"1a1c01bbd47fc00a2c39e90264f33305004495a9","hash":"20c269c6d1333c24dad9408d48d15f3357b4ad41"}
,"C:\\Users\\ernes\\OneDrive\\Documents\\Godot Game Projects\\temp\\Assistant-AI\\client\\src\\components\\RenderError\\RenderError.jsx": {"path":"C:\\Users\\ernes\\OneDrive\\Documents\\Godot Game Projects\\temp\\Assistant-AI\\client\\src\\components\\RenderError\\RenderError.jsx","statementMap":{"0":{"start":{"line":3,"column":33},"end":{"line":11,"column":1}},"1":{"start":{"line":4,"column":4},"end":{"line":10,"column":5}},"2":{"start":{"line":5,"column":8},"end":{"line":9,"column":9}},"3":{"start":{"line":13,"column":22},"end":{"line":27,"column":1}},"4":{"start":{"line":14,"column":4},"end":{"line":26,"column":5}},"5":{"start":{"line":15,"column":8},"end":{"line":19,"column":9}},"6":{"start":{"line":20,"column":11},"end":{"line":26,"column":5}},"7":{"start":{"line":21,"column":8},"end":{"line":25,"column":9}},"8":{"start":{"line":29,"column":26},"end":{"line":37,"column":1}},"9":{"start":{"line":30,"column":4},"end":{"line":36,"column":5}},"10":{"start":{"line":31,"column":8},"end":{"line":35,"column":9}},"11":{"start":{"line":39,"column":31},"end":{"line":47,"column":1}},"12":{"start":{"line":40,"column":4},"end":{"line":46,"column":5}},"13":{"start":{"line":41,"column":8},"end":{"line":45,"column":9}},"14":{"start":{"line":49,"column":38},"end":{"line":57,"column":1}},"15":{"start":{"line":50,"column":4},"end":{"line":56,"column":5}},"16":{"start":{"line":51,"column":8},"end":{"line":55,"column":9}},"17":{"start":{"line":59,"column":31},"end":{"line":67,"column":1}},"18":{"start":{"line":60,"column":4},"end":{"line":66,"column":5}},"19":{"start":{"line":61,"column":8},"end":{"line":65,"column":9}},"20":{"start":{"line":69,"column":34},"end":{"line":77,"column":1}},"21":{"start":{"line":70,"column":4},"end":{"line":76,"column":5}},"22":{"start":{"line":71,"column":8},"end":{"line":75,"column":9}},"23":{"start":{"line":79,"column":34},"end":{"line":87,"column":1}},"24":{"start":{"line":80,"column":4},"end":{"line":86,"column":5}},"25":{"start":{"line":81,"column":8},"end":{"line":85,"column":9}},"26":{"start":{"line":89,"column":34},"end":{"line":97,"column":1}},"27":{"start":{"line":90,"column":4},"end":{"line":96,"column":5}},"28":{"start":{"line":91,"column":8},"end":{"line":95,"column":9}}},"fnMap":{"0":{"name":"(anonymous_0)","decl":{"start":{"line":3,"column":33},"end":{"line":3,"column":34}},"loc":{"start":{"line":3,"column":44},"end":{"line":11,"column":1}},"line":3},"1":{"name":"(anonymous_1)","decl":{"start":{"line":13,"column":22},"end":{"line":13,"column":23}},"loc":{"start":{"line":13,"column":33},"end":{"line":27,"column":1}},"line":13},"2":{"name":"(anonymous_2)","decl":{"start":{"line":29,"column":26},"end":{"line":29,"column":27}},"loc":{"start":{"line":29,"column":37},"end":{"line":37,"column":1}},"line":29},"3":{"name":"(anonymous_3)","decl":{"start":{"line":39,"column":31},"end":{"line":39,"column":32}},"loc":{"start":{"line":39,"column":42},"end":{"line":47,"column":1}},"line":39},"4":{"name":"(anonymous_4)","decl":{"start":{"line":49,"column":38},"end":{"line":49,"column":39}},"loc":{"start":{"line":49,"column":49},"end":{"line":57,"column":1}},"line":49},"5":{"name":"(anonymous_5)","decl":{"start":{"line":59,"column":31},"end":{"line":59,"column":32}},"loc":{"start":{"line":59,"column":42},"end":{"line":67,"column":1}},"line":59},"6":{"name":"(anonymous_6)","decl":{"start":{"line":69,"column":34},"end":{"line":69,"column":35}},"loc":{"start":{"line":69,"column":45},"end":{"line":77,"column":1}},"line":69},"7":{"name":"(anonymous_7)","decl":{"start":{"line":79,"column":34},"end":{"line":79,"column":35}},"loc":{"start":{"line":79,"column":45},"end":{"line":87,"column":1}},"line":79},"8":{"name":"(anonymous_8)","decl":{"start":{"line":89,"column":34},"end":{"line":89,"column":35}},"loc":{"start":{"line":89,"column":45},"end":{"line":97,"column":1}},"line":89}},"branchMap":{"0":{"loc":{"start":{"line":4,"column":4},"end":{"line":10,"column":5}},"type":"if","locations":[{"start":{"line":4,"column":4},"end":{"line":10,"column":5}},{"start":{},"end":{}}],"line":4},"1":{"loc":{"start":{"line":14,"column":4},"end":{"line":26,"column":5}},"type":"if","locations":[{"start":{"line":14,"column":4},"end":{"line":26,"column":5}},{"start":{"line":20,"column":11},"end":{"line":26,"column":5}}],"line":14},"2":{"loc":{"start":{"line":20,"column":11},"end":{"line":26,"column":5}},"type":"if","locations":[{"start":{"line":20,"column":11},"end":{"line":26,"column":5}},{"start":{},"end":{}}],"line":20},"3":{"loc":{"start":{"line":30,"column":4},"end":{"line":36,"column":5}},"type":"if","locations":[{"start":{"line":30,"column":4},"end":{"line":36,"column":5}},{"start":{},"end":{}}],"line":30},"4":{"loc":{"start":{"line":40,"column":4},"end":{"line":46,"column":5}},"type":"if","locations":[{"start":{"line":40,"column":4},"end":{"line":46,"column":5}},{"start":{},"end":{}}],"line":40},"5":{"loc":{"start":{"line":50,"column":4},"end":{"line":56,"column":5}},"type":"if","locations":[{"start":{"line":50,"column":4},"end":{"line":56,"column":5}},{"start":{},"end":{}}],"line":50},"6":{"loc":{"start":{"line":60,"column":4},"end":{"line":66,"column":5}},"type":"if","locations":[{"start":{"line":60,"column":4},"end":{"line":66,"column":5}},{"start":{},"end":{}}],"line":60},"7":{"loc":{"start":{"line":70,"column":4},"end":{"line":76,"column":5}},"type":"if","locations":[{"start":{"line":70,"column":4},"end":{"line":76,"column":5}},{"start":{},"end":{}}],"line":70},"8":{"loc":{"start":{"line":80,"column":4},"end":{"line":86,"column":5}},"type":"if","locations":[{"start":{"line":80,"column":4},"end":{"line":86,"column":5}},{"start":{},"end":{}}],"line":80},"9":{"loc":{"start":{"line":90,"column":4},"end":{"line":96,"column":5}},"type":"if","locations":[{"start":{"line":90,"column":4},"end":{"line":96,"column":5}},{"start":{},"end":{}}],"line":90}},"s":{"0":1,"1":0,"2":0,"3":1,"4":0,"5":0,"6":0,"7":0,"8":1,"9":0,"10":0,"11":1,"12":0,"13":0,"14":1,"15":0,"16":0,"17":1,"18":0,"19":0,"20":1,"21":0,"22":0,"23":1,"24":0,"25":0,"26":1,"27":0,"28":0},"f":{"0":0,"1":0,"2":0,"3":0,"4":0,"5":0,"6":0,"7":0,"8":0},"b":{"0":[0,0],"1":[0,0],"2":[0,0],"3":[0,0],"4":[0,0],"5":[0,0],"6":[0,0],"7":[0,0],"8":[0,0],"9":[0,0]},"_coverageSchema":"1a1c01bbd47fc00a2c39e90264f33305004495a9","hash":"47278faa77dcb2d2101c08e4a9bd39131a06d0db"}
,"C:\\Users\\ernes\\OneDrive\\Documents\\Godot Game Projects\\temp\\Assistant-AI\\client\\src\\components\\TokenContext\\TokenContext.jsx": {"path":"C:\\Users\\ernes\\OneDrive\\Documents\\Godot Game Projects\\temp\\Assistant-AI\\client\\src\\components\\TokenContext\\TokenContext.jsx","statementMap":{"0":{"start":{"line":4,"column":21},"end":{"line":4,"column":36}},"1":{"start":{"line":6,"column":29},"end":{"line":49,"column":1}},"2":{"start":{"line":8,"column":30},"end":{"line":8,"column":44}},"3":{"start":{"line":9,"column":36},"end":{"line":14,"column":6}},"4":{"start":{"line":15,"column":30},"end":{"line":15,"column":42}},"5":{"start":{"line":18,"column":4},"end":{"line":24,"column":16}},"6":{"start":{"line":20,"column":8},"end":{"line":22,"column":9}},"7":{"start":{"line":21,"column":12},"end":{"line":21,"column":51}},"8":{"start":{"line":23,"column":8},"end":{"line":23,"column":49}},"9":{"start":{"line":27,"column":4},"end":{"line":31,"column":19}},"10":{"start":{"line":29,"column":8},"end":{"line":29,"column":29}},"11":{"start":{"line":34,"column":4},"end":{"line":37,"column":16}},"12":{"start":{"line":36,"column":8},"end":{"line":36,"column":56}},"13":{"start":{"line":39,"column":4},"end":{"line":48,"column":5}},"14":{"start":{"line":51,"column":31},"end":{"line":51,"column":61}},"15":{"start":{"line":51,"column":37},"end":{"line":51,"column":61}}},"fnMap":{"0":{"name":"(anonymous_0)","decl":{"start":{"line":6,"column":29},"end":{"line":6,"column":30}},"loc":{"start":{"line":6,"column":40},"end":{"line":49,"column":1}},"line":6},"1":{"name":"(anonymous_1)","decl":{"start":{"line":18,"column":14},"end":{"line":18,"column":15}},"loc":{"start":{"line":18,"column":20},"end":{"line":24,"column":5}},"line":18},"2":{"name":"(anonymous_2)","decl":{"start":{"line":27,"column":14},"end":{"line":27,"column":15}},"loc":{"start":{"line":27,"column":20},"end":{"line":31,"column":5}},"line":27},"3":{"name":"(anonymous_3)","decl":{"start":{"line":34,"column":14},"end":{"line":34,"column":15}},"loc":{"start":{"line":34,"column":20},"end":{"line":37,"column":5}},"line":34},"4":{"name":"(anonymous_4)","decl":{"start":{"line":51,"column":31},"end":{"line":51,"column":32}},"loc":{"start":{"line":51,"column":37},"end":{"line":51,"column":61}},"line":51}},"branchMap":{"0":{"loc":{"start":{"line":20,"column":8},"end":{"line":22,"column":9}},"type":"if","locations":[{"start":{"line":20,"column":8},"end":{"line":22,"column":9}},{"start":{},"end":{}}],"line":20}},"s":{"0":1,"1":1,"2":0,"3":0,"4":0,"5":0,"6":0,"7":0,"8":0,"9":0,"10":0,"11":0,"12":0,"13":0,"14":1,"15":0},"f":{"0":0,"1":0,"2":0,"3":0,"4":0},"b":{"0":[0,0]},"_coverageSchema":"1a1c01bbd47fc00a2c39e90264f33305004495a9","hash":"dc26efd81846b5be6df4e89aa95d8b234377a669"}
,"C:\\Users\\ernes\\OneDrive\\Documents\\Godot Game Projects\\temp\\Assistant-AI\\client\\src\\pages\\SignUp.jsx": {"path":"C:\\Users\\ernes\\OneDrive\\Documents\\Godot Game Projects\\temp\\Assistant-AI\\client\\src\\pages\\SignUp.jsx","statementMap":{"0":{"start":{"line":8,"column":29},"end":{"line":31,"column":1}},"1":{"start":{"line":9,"column":16},"end":{"line":9,"column":31}},"2":{"start":{"line":10,"column":22},"end":{"line":10,"column":50}},"3":{"start":{"line":11,"column":31},"end":{"line":11,"column":54}},"4":{"start":{"line":12,"column":20},"end":{"line":12,"column":32}},"5":{"start":{"line":14,"column":26},"end":{"line":14,"column":31}},"6":{"start":{"line":15,"column":27},"end":{"line":15,"column":32}},"7":{"start":{"line":16,"column":24},"end":{"line":16,"column":29}},"8":{"start":{"line":17,"column":4},"end":{"line":27,"column":5}},"9":{"start":{"line":17,"column":17},"end":{"line":17,"column":18}},"10":{"start":{"line":18,"column":8},"end":{"line":20,"column":9}},"11":{"start":{"line":19,"column":12},"end":{"line":19,"column":34}},"12":{"start":{"line":21,"column":8},"end":{"line":23,"column":9}},"13":{"start":{"line":22,"column":12},"end":{"line":22,"column":35}},"14":{"start":{"line":24,"column":8},"end":{"line":26,"column":9}},"15":{"start":{"line":25,"column":12},"end":{"line":25,"column":32}},"16":{"start":{"line":29,"column":4},"end":{"line":29,"column":75}},"17":{"start":{"line":35,"column":50},"end":{"line":35,"column":62}},"18":{"start":{"line":37,"column":30},"end":{"line":37,"column":42}},"19":{"start":{"line":39,"column":4},"end":{"line":44,"column":10}},"20":{"start":{"line":40,"column":8},"end":{"line":43,"column":10}},"21":{"start":{"line":42,"column":12},"end":{"line":42,"column":48}},"22":{"start":{"line":47,"column":36},"end":{"line":52,"column":6}},"23":{"start":{"line":54,"column":21},"end":{"line":54,"column":34}},"24":{"start":{"line":58,"column":8},"end":{"line":58,"column":53}},"25":{"start":{"line":62,"column":29},"end":{"line":66,"column":7}},"26":{"start":{"line":63,"column":8},"end":{"line":65,"column":15}},"27":{"start":{"line":64,"column":14},"end":{"line":64,"column":57}},"28":{"start":{"line":69,"column":33},"end":{"line":73,"column":5}},"29":{"start":{"line":70,"column":8},"end":{"line":72,"column":11}},"30":{"start":{"line":71,"column":12},"end":{"line":71,"column":53}},"31":{"start":{"line":76,"column":34},"end":{"line":83,"column":5}},"32":{"start":{"line":77,"column":32},"end":{"line":77,"column":54}},"33":{"start":{"line":78,"column":30},"end":{"line":78,"column":73}},"34":{"start":{"line":80,"column":8},"end":{"line":82,"column":11}},"35":{"start":{"line":81,"column":12},"end":{"line":81,"column":64}},"36":{"start":{"line":87,"column":8},"end":{"line":89,"column":10}},"37":{"start":{"line":88,"column":12},"end":{"line":88,"column":50}},"38":{"start":{"line":90,"column":8},"end":{"line":90,"column":30}},"39":{"start":{"line":94,"column":8},"end":{"line":94,"column":33}},"40":{"start":{"line":98,"column":8},"end":{"line":98,"column":17}},"41":{"start":{"line":99,"column":8},"end":{"line":99,"column":30}},"42":{"start":{"line":103,"column":8},"end":{"line":103,"column":27}},"43":{"start":{"line":107,"column":8},"end":{"line":107,"column":28}},"44":{"start":{"line":111,"column":8},"end":{"line":111,"column":26}},"45":{"start":{"line":115,"column":8},"end":{"line":118,"column":9}},"46":{"start":{"line":116,"column":12},"end":{"line":116,"column":21}},"47":{"start":{"line":117,"column":12},"end":{"line":117,"column":37}},"48":{"start":{"line":123,"column":8},"end":{"line":123,"column":21}},"49":{"start":{"line":128,"column":25},"end":{"line":188,"column":5}},"50":{"start":{"line":129,"column":8},"end":{"line":129,"column":27}},"51":{"start":{"line":130,"column":8},"end":{"line":130,"column":20}},"52":{"start":{"line":132,"column":8},"end":{"line":136,"column":9}},"53":{"start":{"line":133,"column":12},"end":{"line":133,"column":52}},"54":{"start":{"line":134,"column":12},"end":{"line":134,"column":33}},"55":{"start":{"line":135,"column":12},"end":{"line":135,"column":18}},"56":{"start":{"line":138,"column":8},"end":{"line":142,"column":9}},"57":{"start":{"line":139,"column":12},"end":{"line":139,"column":57}},"58":{"start":{"line":140,"column":12},"end":{"line":140,"column":36}},"59":{"start":{"line":141,"column":12},"end":{"line":141,"column":18}},"60":{"start":{"line":144,"column":8},"end":{"line":148,"column":9}},"61":{"start":{"line":145,"column":12},"end":{"line":145,"column":52}},"62":{"start":{"line":146,"column":12},"end":{"line":146,"column":27}},"63":{"start":{"line":147,"column":12},"end":{"line":147,"column":18}},"64":{"start":{"line":150,"column":8},"end":{"line":154,"column":9}},"65":{"start":{"line":151,"column":12},"end":{"line":151,"column":50}},"66":{"start":{"line":152,"column":12},"end":{"line":152,"column":37}},"67":{"start":{"line":153,"column":12},"end":{"line":153,"column":18}},"68":{"start":{"line":156,"column":27},"end":{"line":156,"column":59}},"69":{"start":{"line":158,"column":8},"end":{"line":161,"column":9}},"70":{"start":{"line":159,"column":12},"end":{"line":159,"column":32}},"71":{"start":{"line":160,"column":12},"end":{"line":160,"column":18}},"72":{"start":{"line":163,"column":23},"end":{"line":163,"column":68}},"73":{"start":{"line":164,"column":28},"end":{"line":164,"column":61}},"74":{"start":{"line":166,"column":27},"end":{"line":172,"column":9}},"75":{"start":{"line":174,"column":8},"end":{"line":187,"column":10}},"76":{"start":{"line":177,"column":12},"end":{"line":182,"column":13}},"77":{"start":{"line":178,"column":16},"end":{"line":178,"column":50}},"78":{"start":{"line":179,"column":16},"end":{"line":179,"column":61}},"79":{"start":{"line":180,"column":16},"end":{"line":180,"column":32}},"80":{"start":{"line":181,"column":16},"end":{"line":181,"column":22}},"81":{"start":{"line":185,"column":12},"end":{"line":185,"column":61}},"82":{"start":{"line":185,"column":36},"end":{"line":185,"column":60}},"83":{"start":{"line":190,"column":4},"end":{"line":246,"column":6}},"84":{"start":{"line":206,"column":52},"end":{"line":206,"column":84}},"85":{"start":{"line":216,"column":53},"end":{"line":216,"column":90}},"86":{"start":{"line":225,"column":52},"end":{"line":225,"column":88}},"87":{"start":{"line":234,"column":39},"end":{"line":234,"column":74}}},"fnMap":{"0":{"name":"(anonymous_0)","decl":{"start":{"line":8,"column":29},"end":{"line":8,"column":30}},"loc":{"start":{"line":8,"column":43},"end":{"line":31,"column":1}},"line":8},"1":{"name":"SignUp","decl":{"start":{"line":33,"column":9},"end":{"line":33,"column":15}},"loc":{"start":{"line":33,"column":18},"end":{"line":247,"column":1}},"line":33},"2":{"name":"(anonymous_2)","decl":{"start":{"line":39,"column":14},"end":{"line":39,"column":15}},"loc":{"start":{"line":39,"column":20},"end":{"line":44,"column":5}},"line":39},"3":{"name":"(anonymous_3)","decl":{"start":{"line":41,"column":14},"end":{"line":41,"column":15}},"loc":{"start":{"line":41,"column":21},"end":{"line":43,"column":9}},"line":41},"4":{"name":"pwMatch","decl":{"start":{"line":57,"column":13},"end":{"line":57,"column":20}},"loc":{"start":{"line":57,"column":23},"end":{"line":59,"column":5}},"line":57},"5":{"name":"(anonymous_5)","decl":{"start":{"line":62,"column":29},"end":{"line":62,"column":30}},"loc":{"start":{"line":62,"column":42},"end":{"line":66,"column":7}},"line":62},"6":{"name":"(anonymous_6)","decl":{"start":{"line":63,"column":27},"end":{"line":63,"column":28}},"loc":{"start":{"line":63,"column":42},"end":{"line":65,"column":13}},"line":63},"7":{"name":"(anonymous_7)","decl":{"start":{"line":69,"column":33},"end":{"line":69,"column":34}},"loc":{"start":{"line":69,"column":44},"end":{"line":73,"column":5}},"line":69},"8":{"name":"(anonymous_8)","decl":{"start":{"line":70,"column":27},"end":{"line":70,"column":28}},"loc":{"start":{"line":70,"column":42},"end":{"line":72,"column":9}},"line":70},"9":{"name":"(anonymous_9)","decl":{"start":{"line":76,"column":34},"end":{"line":76,"column":35}},"loc":{"start":{"line":76,"column":52},"end":{"line":83,"column":5}},"line":76},"10":{"name":"(anonymous_10)","decl":{"start":{"line":80,"column":27},"end":{"line":80,"column":28}},"loc":{"start":{"line":80,"column":42},"end":{"line":82,"column":9}},"line":80},"11":{"name":"clearPW","decl":{"start":{"line":86,"column":13},"end":{"line":86,"column":20}},"loc":{"start":{"line":86,"column":23},"end":{"line":91,"column":5}},"line":86},"12":{"name":"(anonymous_12)","decl":{"start":{"line":87,"column":20},"end":{"line":87,"column":21}},"loc":{"start":{"line":87,"column":35},"end":{"line":89,"column":9}},"line":87},"13":{"name":"handleEmptyUsername","decl":{"start":{"line":93,"column":13},"end":{"line":93,"column":32}},"loc":{"start":{"line":93,"column":35},"end":{"line":95,"column":5}},"line":93},"14":{"name":"handleDifferentPassword","decl":{"start":{"line":97,"column":13},"end":{"line":97,"column":36}},"loc":{"start":{"line":97,"column":39},"end":{"line":100,"column":5}},"line":97},"15":{"name":"handleEmptyPW","decl":{"start":{"line":102,"column":13},"end":{"line":102,"column":26}},"loc":{"start":{"line":102,"column":29},"end":{"line":104,"column":5}},"line":102},"16":{"name":"handleEmptyDateOfBirth","decl":{"start":{"line":106,"column":13},"end":{"line":106,"column":35}},"loc":{"start":{"line":106,"column":38},"end":{"line":108,"column":5}},"line":106},"17":{"name":"handleWeakPassword","decl":{"start":{"line":110,"column":13},"end":{"line":110,"column":31}},"loc":{"start":{"line":110,"column":34},"end":{"line":112,"column":5}},"line":110},"18":{"name":"handleFailedSignUp","decl":{"start":{"line":114,"column":13},"end":{"line":114,"column":31}},"loc":{"start":{"line":114,"column":39},"end":{"line":119,"column":5}},"line":114},"19":{"name":"sendToHomePage","decl":{"start":{"line":122,"column":13},"end":{"line":122,"column":27}},"loc":{"start":{"line":122,"column":30},"end":{"line":124,"column":5}},"line":122},"20":{"name":"(anonymous_20)","decl":{"start":{"line":128,"column":25},"end":{"line":128,"column":26}},"loc":{"start":{"line":128,"column":38},"end":{"line":188,"column":5}},"line":128},"21":{"name":"(anonymous_21)","decl":{"start":{"line":175,"column":14},"end":{"line":175,"column":15}},"loc":{"start":{"line":175,"column":21},"end":{"line":186,"column":13}},"line":175},"22":{"name":"(anonymous_22)","decl":{"start":{"line":185,"column":28},"end":{"line":185,"column":29}},"loc":{"start":{"line":185,"column":36},"end":{"line":185,"column":60}},"line":185},"23":{"name":"(anonymous_23)","decl":{"start":{"line":206,"column":45},"end":{"line":206,"column":46}},"loc":{"start":{"line":206,"column":52},"end":{"line":206,"column":84}},"line":206},"24":{"name":"(anonymous_24)","decl":{"start":{"line":216,"column":46},"end":{"line":216,"column":47}},"loc":{"start":{"line":216,"column":53},"end":{"line":216,"column":90}},"line":216},"25":{"name":"(anonymous_25)","decl":{"start":{"line":225,"column":45},"end":{"line":225,"column":46}},"loc":{"start":{"line":225,"column":52},"end":{"line":225,"column":88}},"line":225},"26":{"name":"(anonymous_26)","decl":{"start":{"line":233,"column":45},"end":{"line":233,"column":46}},"loc":{"start":{"line":233,"column":52},"end":{"line":235,"column":36}},"line":233}},"branchMap":{"0":{"loc":{"start":{"line":18,"column":8},"end":{"line":20,"column":9}},"type":"if","locations":[{"start":{"line":18,"column":8},"end":{"line":20,"column":9}},{"start":{},"end":{}}],"line":18},"1":{"loc":{"start":{"line":21,"column":8},"end":{"line":23,"column":9}},"type":"if","locations":[{"start":{"line":21,"column":8},"end":{"line":23,"column":9}},{"start":{},"end":{}}],"line":21},"2":{"loc":{"start":{"line":24,"column":8},"end":{"line":26,"column":9}},"type":"if","locations":[{"start":{"line":24,"column":8},"end":{"line":26,"column":9}},{"start":{},"end":{}}],"line":24},"3":{"loc":{"start":{"line":29,"column":11},"end":{"line":29,"column":75}},"type":"binary-expr","locations":[{"start":{"line":29,"column":11},"end":{"line":29,"column":19}},{"start":{"line":29,"column":23},"end":{"line":29,"column":38}},{"start":{"line":29,"column":42},"end":{"line":29,"column":58}},{"start":{"line":29,"column":62},"end":{"line":29,"column":75}}],"line":29},"4":{"loc":{"start":{"line":115,"column":8},"end":{"line":118,"column":9}},"type":"if","locations":[{"start":{"line":115,"column":8},"end":{"line":118,"column":9}},{"start":{},"end":{}}],"line":115},"5":{"loc":{"start":{"line":132,"column":8},"end":{"line":136,"column":9}},"type":"if","locations":[{"start":{"line":132,"column":8},"end":{"line":136,"column":9}},{"start":{},"end":{}}],"line":132},"6":{"loc":{"start":{"line":138,"column":8},"end":{"line":142,"column":9}},"type":"if","locations":[{"start":{"line":138,"column":8},"end":{"line":142,"column":9}},{"start":{},"end":{}}],"line":138},"7":{"loc":{"start":{"line":144,"column":8},"end":{"line":148,"column":9}},"type":"if","locations":[{"start":{"line":144,"column":8},"end":{"line":148,"column":9}},{"start":{},"end":{}}],"line":144},"8":{"loc":{"start":{"line":150,"column":8},"end":{"line":154,"column":9}},"type":"if","locations":[{"start":{"line":150,"column":8},"end":{"line":154,"column":9}},{"start":{},"end":{}}],"line":150},"9":{"loc":{"start":{"line":158,"column":8},"end":{"line":161,"column":9}},"type":"if","locations":[{"start":{"line":158,"column":8},"end":{"line":161,"column":9}},{"start":{},"end":{}}],"line":158},"10":{"loc":{"start":{"line":177,"column":12},"end":{"line":182,"column":13}},"type":"if","locations":[{"start":{"line":177,"column":12},"end":{"line":182,"column":13}},{"start":{},"end":{}}],"line":177}},"s":{"0":1,"1":6,"2":6,"3":6,"4":6,"5":6,"6":6,"7":6,"8":6,"9":6,"10":47,"11":14,"12":47,"13":6,"14":47,"15":27,"16":6,"17":0,"18":0,"19":0,"20":0,"21":0,"22":0,"23":0,"24":0,"25":0,"26":0,"27":0,"28":0,"29":0,"30":0,"31":0,"32":0,"33":0,"34":0,"35":0,"36":0,"37":0,"38":0,"39":0,"40":0,"41":0,"42":0,"43":0,"44":0,"45":0,"46":0,"47":0,"48":0,"49":0,"50":0,"51":0,"52":0,"53":0,"54":0,"55":0,"56":0,"57":0,"58":0,"59":0,"60":0,"61":0,"62":0,"63":0,"64":0,"65":0,"66":0,"67":0,"68":0,"69":0,"70":0,"71":0,"72":0,"73":0,"74":0,"75":0,"76":0,"77":0,"78":0,"79":0,"80":0,"81":0,"82":0,"83":0,"84":0,"85":0,"86":0,"87":0},"f":{"0":6,"1":0,"2":0,"3":0,"4":0,"5":0,"6":0,"7":0,"8":0,"9":0,"10":0,"11":0,"12":0,"13":0,"14":0,"15":0,"16":0,"17":0,"18":0,"19":0,"20":0,"21":0,"22":0,"23":0,"24":0,"25":0,"26":0},"b":{"0":[14,33],"1":[6,41],"2":[27,20],"3":[6,3,2,2],"4":[0,0],"5":[0,0],"6":[0,0],"7":[0,0],"8":[0,0],"9":[0,0],"10":[0,0]},"_coverageSchema":"1a1c01bbd47fc00a2c39e90264f33305004495a9","hash":"164e98a82f459604cf19c835dcf7f42df50691c8"}
}
