TN:
SF:client\src\Data Structures\TaskPriorityQueue.js
FN:3,(anonymous_0)
FN:12,(anonymous_1)
FN:16,(anonymous_2)
FN:20,(anonymous_3)
FN:37,(anonymous_4)
FNF:5
FNH:4
FNDA:1,(anonymous_0)
FNDA:0,(anonymous_1)
FNDA:1,(anonymous_2)
FNDA:4,(anonymous_3)
FNDA:1,(anonymous_4)
DA:4,1
DA:5,1
DA:13,0
DA:17,1
DA:21,4
DA:22,4
DA:24,4
DA:25,5
DA:26,5
DA:27,2
DA:28,2
DA:29,2
DA:32,4
DA:33,2
DA:38,1
DA:39,1
LF:16
LH:15
BRDA:26,0,0,2
BRDA:26,0,1,3
BRDA:32,1,0,2
BRDA:32,1,1,2
BRDA:39,2,0,1
BRDA:39,2,1,0
BRF:6
BRH:5
end_of_record
TN:
SF:client\src\components\TasksBox\Tasks.jsx
FN:6,(anonymous_0)
FN:13,(anonymous_1)
FN:23,(anonymous_2)
FN:35,(anonymous_3)
FN:39,(anonymous_4)
FN:46,calculateTaskPoints
FN:62,onComplete
FN:74,(anonymous_7)
FN:81,(anonymous_8)
FN:85,onInComplete
FN:94,(anonymous_10)
FN:101,(anonymous_11)
FN:106,onDelete
FN:118,(anonymous_13)
FN:124,(anonymous_14)
FN:135,(anonymous_15)
FN:139,(anonymous_16)
FN:143,(anonymous_17)
FN:145,(anonymous_18)
FNF:19
FNH:0
FNDA:0,(anonymous_0)
FNDA:0,(anonymous_1)
FNDA:0,(anonymous_2)
FNDA:0,(anonymous_3)
FNDA:0,(anonymous_4)
FNDA:0,calculateTaskPoints
FNDA:0,onComplete
FNDA:0,(anonymous_7)
FNDA:0,(anonymous_8)
FNDA:0,onInComplete
FNDA:0,(anonymous_10)
FNDA:0,(anonymous_11)
FNDA:0,onDelete
FNDA:0,(anonymous_13)
FNDA:0,(anonymous_14)
FNDA:0,(anonymous_15)
FNDA:0,(anonymous_16)
FNDA:0,(anonymous_17)
FNDA:0,(anonymous_18)
DA:6,1
DA:7,0
DA:8,0
DA:9,0
DA:10,0
DA:13,1
DA:14,0
DA:19,0
DA:23,1
DA:24,0
DA:25,0
DA:26,0
DA:28,0
DA:29,0
DA:30,0
DA:32,0
DA:35,0
DA:36,0
DA:37,0
DA:39,0
DA:40,0
DA:47,0
DA:48,0
DA:49,0
DA:51,0
DA:52,0
DA:53,0
DA:54,0
DA:55,0
DA:56,0
DA:58,0
DA:64,0
DA:65,0
DA:66,0
DA:73,0
DA:75,0
DA:76,0
DA:77,0
DA:78,0
DA:81,0
DA:86,0
DA:93,0
DA:95,0
DA:96,0
DA:97,0
DA:98,0
DA:101,0
DA:107,0
DA:110,0
DA:117,0
DA:119,0
DA:120,0
DA:121,0
DA:124,0
DA:127,0
DA:135,0
DA:139,0
DA:143,0
DA:145,0
LF:59
LH:3
BRDA:10,0,0,0
BRDA:10,0,1,0
BRDA:36,1,0,0
BRDA:36,1,1,0
BRDA:58,2,0,0
BRDA:58,2,1,0
BRDA:75,3,0,0
BRDA:75,3,1,0
BRDA:95,4,0,0
BRDA:95,4,1,0
BRDA:119,5,0,0
BRDA:119,5,1,0
BRDA:133,6,0,0
BRDA:133,6,1,0
BRF:14
BRH:0
end_of_record
TN:
SF:client\src\components\TokenContext\TokenContext.jsx
FN:6,(anonymous_0)
FN:13,(anonymous_1)
FN:19,(anonymous_2)
FN:25,(anonymous_3)
FN:42,(anonymous_4)
FNF:5
FNH:0
FNDA:0,(anonymous_0)
FNDA:0,(anonymous_1)
FNDA:0,(anonymous_2)
FNDA:0,(anonymous_3)
FNDA:0,(anonymous_4)
DA:4,1
DA:6,1
DA:8,0
DA:9,0
DA:10,0
DA:13,0
DA:15,0
DA:19,0
DA:21,0
DA:25,0
DA:27,0
DA:30,0
DA:42,1
LF:13
LH:3
BRF:0
BRH:0
end_of_record
